{"level":"info","message":"SIGTERM signal received. Shutting down..."}
{"level":"info","message":"SIGTERM signal received. Shutting down..."}
{"level":"info","message":"SIGTERM signal received. Shutting down..."}
{"level":"info","message":"SIGTERM signal received. Shutting down..."}
{"level":"info","message":"SIGTERM signal received. Shutting down..."}
{"level":"info","message":"SIGTERM signal received. Shutting down..."}
{"level":"info","message":"SIGTERM signal received. Shutting down..."}
{"level":"info","message":"Kafka services stopped"}
{"level":"info","message":"SIGTERM signal received. Shutting down..."}
{"level":"info","message":"Kafka services stopped"}
{"level":"info","message":"Kafka services started"}
{"level":"info","message":"Redirect service is running on port 3001"}
{"level":"info","message":"SIGTERM signal received. Shutting down..."}
{"level":"info","message":"Kafka services stopped"}
{"level":"info","message":"SIGTERM signal received. Shutting down..."}
{"level":"info","message":"Kafka services stopped"}
{"level":"info","message":"Kafka services started"}
{"level":"info","message":"Redirect service is running on port 3001"}
{"level":"info","message":"SIGTERM signal received. Shutting down..."}
{"level":"info","message":"Kafka services stopped"}
{"level":"info","message":"Kafka services started"}
{"level":"info","message":"Redirect service is running on port 3001"}
{"level":"info","message":"SIGTERM signal received. Shutting down..."}
{"level":"info","message":"Kafka services stopped"}
{"level":"info","message":"SIGTERM signal received. Shutting down..."}
{"level":"info","message":"Kafka services stopped"}
{"level":"info","message":"SIGTERM signal received. Shutting down..."}
{"level":"info","message":"Kafka services stopped"}
{"level":"info","message":"Connected to Redis"}
{"level":"info","message":"SIGTERM signal received. Shutting down..."}
{"level":"info","message":"Kafka services stopped"}
{"level":"info","message":"Connected to Redis"}
{"level":"info","message":"Kafka services started"}
{"level":"info","message":"Redirect service is running on port 3000"}
{"level":"info","message":"SIGTERM signal received. Shutting down..."}
{"level":"info","message":"Kafka services stopped"}
{"level":"info","message":"Connected to Redis"}
{"level":"info","message":"Kafka services started"}
{"level":"info","message":"Redirect service is running on port 3000"}
{"level":"info","message":"SIGTERM signal received. Shutting down..."}
{"level":"info","message":"Connected to Redis"}
{"level":"info","message":"Kafka services started"}
{"level":"info","message":"Redirect service is running on port 3001"}
{"data":{"code":"9nJoKZ6i","originalUrl":"https://docs.stripe.com"},"level":"info","message":"Emitted click event for https://docs.stripe.com"}
{"level":"info","message":"SIGTERM signal received. Shutting down..."}
{"level":"info","message":"Kafka services stopped"}
{"level":"info","message":"Connected to Redis"}
{"level":"info","message":"Kafka services started"}
{"level":"info","message":"Redirect service is running on port 3001"}
{"level":"info","message":"SIGTERM signal received. Shutting down..."}
{"level":"info","message":"Kafka services stopped"}
{"level":"info","message":"Connected to Redis"}
{"level":"info","message":"Kafka services started"}
{"level":"info","message":"Redirect service is running on port 3001"}
{"level":"info","message":"SIGTERM signal received. Shutting down..."}
{"level":"info","message":"Kafka services stopped"}
{"level":"info","message":"Connected to Redis"}
{"level":"info","message":"Kafka services started"}
{"level":"info","message":"Redirect service is running on port 3001"}
{"level":"info","message":"SIGTERM signal received. Shutting down..."}
{"level":"info","message":"Connected to Redis"}
{"level":"info","message":"Kafka services started"}
{"level":"info","message":"Redirect service is running on port 3001"}
{"level":"info","message":"SIGTERM signal received. Shutting down..."}
{"level":"info","message":"Connected to Redis"}
{"level":"info","message":"Kafka services started"}
{"level":"info","message":"Redirect service is running on port 3001"}
{"data":{"code":"6w0GvB-W","original_url":"https://www.youtube.com/"},"level":"info","message":"Cached URL for code"}
{"data":{"code":"6w0GvB-W","originalUrl":"https://www.youtube.com/"},"level":"info","message":"Emitted click event for https://www.youtube.com/"}
